[debug] [2025-10-03T21:51:28.619Z] ----------------------------------------------------------------------
[debug] [2025-10-03T21:51:28.621Z] Command:       /Users/luizinho/.local/share/mise/installs/node/24.8.0/bin/node /Users/luizinho/.npm/_npx/ba4f1959e38407b5/node_modules/.bin/firebase init dataconnect:sdk --project redija-b36b4
[debug] [2025-10-03T21:51:28.621Z] CLI Version:   14.18.0
[debug] [2025-10-03T21:51:28.621Z] Platform:      darwin
[debug] [2025-10-03T21:51:28.621Z] Node Version:  v24.8.0
[debug] [2025-10-03T21:51:28.621Z] Time:          Fri Oct 03 2025 18:51:28 GMT-0300 (Brasilia Standard Time)
[debug] [2025-10-03T21:51:28.621Z] ----------------------------------------------------------------------
[debug] 
[debug] [2025-10-03T21:51:28.708Z] > command requires scopes: ["email","openid","https://www.googleapis.com/auth/cloudplatformprojects.readonly","https://www.googleapis.com/auth/firebase","https://www.googleapis.com/auth/cloud-platform"]
[debug] [2025-10-03T21:51:28.709Z] > authorizing via signed-in user (luizzinho@gmail.com)
[info] 
     ######## #### ########  ######## ########     ###     ######  ########
     ##        ##  ##     ## ##       ##     ##  ##   ##  ##       ##
     ######    ##  ########  ######   ########  #########  ######  ######
     ##        ##  ##    ##  ##       ##     ## ##     ##       ## ##
     ##       #### ##     ## ######## ########  ##     ##  ######  ########

You're about to initialize a Firebase project in this directory:

  /Users/luizinho/Development/md3

Before we get started, keep in mind:

  * You are initializing within an existing Firebase project directory

[info] 
=== Project Setup
[info] 
[info] First, let's associate this project directory with a Firebase project.
[info] You can create multiple project aliases by running firebase use --add, 
[info] but for now we'll just set up a default project.
[info] 
[debug] [2025-10-03T21:51:28.710Z] Using project from CLI flag: redija-b36b4
[debug] [2025-10-03T21:51:28.710Z] Checked if tokens are valid: true, expires at: 1759529907030
[debug] [2025-10-03T21:51:28.710Z] Checked if tokens are valid: true, expires at: 1759529907030
[debug] [2025-10-03T21:51:28.711Z] >>> [apiv2][query] GET https://firebase.googleapis.com/v1beta1/projects/redija-b36b4 [none]
[debug] [2025-10-03T21:51:30.023Z] <<< [apiv2][status] GET https://firebase.googleapis.com/v1beta1/projects/redija-b36b4 200
[debug] [2025-10-03T21:51:30.023Z] <<< [apiv2][body] GET https://firebase.googleapis.com/v1beta1/projects/redija-b36b4 {"projectId":"redija-b36b4","projectNumber":"812271055429","displayName":"redija","name":"projects/redija-b36b4","resources":{"hostingSite":"redija-b36b4"},"state":"ACTIVE","etag":"1_a4ee4593-852f-48de-a1d9-f3500ec7d2e0"}
[info] i  Using project redija-b36b4 (redija) 
[info] 
=== Dataconnect:sdk Setup
[info] ✔  dataconnect: Detected existing apps . (web), android/app (android), android/capacitor-cordova-android-plugins (android), ios/App (ios), ios/App/Pods (ios) 
[debug] [2025-10-03T21:52:00.156Z] ExitPromptError: User force closed the prompt with SIGINT
    at Interface.sigint (/Users/luizinho/.npm/_npx/ba4f1959e38407b5/node_modules/@inquirer/core/dist/commonjs/lib/create-prompt.js:101:37)
    at Interface.emit (node:events:508:28)
    at Interface.emit (node:domain:489:12)
    at [_ttyWrite] [as _ttyWrite] (node:internal/readline/interface:1311:18)
    at ReadStream.onkeypress (node:internal/readline/interface:284:20)
    at ReadStream.emit (node:events:520:35)
    at ReadStream.emit (node:domain:489:12)
    at emitKeys (node:internal/readline/utils:371:14)
    at emitKeys.next (<anonymous>)
    at ReadStream.onData (node:internal/readline/emitKeypressEvents:64:36)
[error] 
[error] Error: An unexpected error has occurred.
